org.jivesoftware.smack.SmackException$EndpointConnectionException: The following addresses failed: 'RFC 6120 A/AAAA Endpoint + [localhost:5222] (localhost/127.0.0.1:5222)' failed because: java.net.ConnectException: Connection refused, 'RFC 6120 A/AAAA Endpoint + [localhost:5222] (localhost/[0:0:0:0:0:0:0:1]:5222)' failed because: java.net.ConnectException: Connection refused
	at org.jivesoftware.smack.SmackException$EndpointConnectionException.from(SmackException.java:334)
	at org.jivesoftware.smack.tcp.XMPPTCPConnection.connectUsingConfiguration(XMPPTCPConnection.java:664)
	at org.jivesoftware.smack.tcp.XMPPTCPConnection.connectInternal(XMPPTCPConnection.java:849)
	at org.jivesoftware.smack.AbstractXMPPConnection.connect(AbstractXMPPConnection.java:525)
	at org.jitsi.xmpp.mucclient.MucClient.lambda$getConnectAndLoginCallable$9(MucClient.java:689)
	at org.jitsi.retry.RetryStrategy$TaskRunner.run(RetryStrategy.java:167)
	at java.base/java.util.concurrent.Executors$RunnableAdapter.call(Executors.java:539)
	at java.base/java.util.concurrent.FutureTask.run(FutureTask.java:264)
	at java.base/java.util.concurrent.ScheduledThreadPoolExecutor$ScheduledFutureTask.run(ScheduledThreadPoolExecutor.java:304)
	at java.base/java.util.concurrent.ThreadPoolExecutor.runWorker(ThreadPoolExecutor.java:1136)
	at java.base/java.util.concurrent.ThreadPoolExecutor$Worker.run(ThreadPoolExecutor.java:635)
	at java.base/java.lang.Thread.run(Thread.java:840)
2026-03-23 19:21:54.339 WARNING: [26] [hostname=localhost id=shard] MucClient.lambda$getConnectAndLoginCallable$9#697: Error connecting:
org.jivesoftware.smack.SmackException$EndpointConnectionException: The following addresses failed: 'RFC 6120 A/AAAA Endpoint + [localhost:5222] (localhost/127.0.0.1:5222)' failed because: java.net.ConnectException: Connection refused, 'RFC 6120 A/AAAA Endpoint + [localhost:5222] (localhost/[0:0:0:0:0:0:0:1]:5222)' failed because: java.net.ConnectException: Connection refused
	at org.jivesoftware.smack.SmackException$EndpointConnectionException.from(SmackException.java:334)
	at org.jivesoftware.smack.tcp.XMPPTCPConnection.connectUsingConfiguration(XMPPTCPConnection.java:664)
	at org.jivesoftware.smack.tcp.XMPPTCPConnection.connectInternal(XMPPTCPConnection.java:849)
	at org.jivesoftware.smack.AbstractXMPPConnection.connect(AbstractXMPPConnection.java:525)
	at org.jitsi.xmpp.mucclient.MucClient.lambda$getConnectAndLoginCallable$9(MucClient.java:689)
	at org.jitsi.retry.RetryStrategy$TaskRunner.run(RetryStrategy.java:167)
	at java.base/java.util.concurrent.Executors$RunnableAdapter.call(Executors.java:539)
	at java.base/java.util.concurrent.FutureTask.run(FutureTask.java:264)
	at java.base/java.util.concurrent.ScheduledThreadPoolExecutor$ScheduledFutureTask.run(ScheduledThreadPoolExecutor.java:304)
	at java.base/java.util.concurrent.ThreadPoolExecutor.runWorker(ThreadPoolExecutor.java:1136)
	at java.base/java.util.concurrent.ThreadPoolExecutor$Worker.run(ThreadPoolExecutor.java:635)
	at java.base/java.lang.Thread.run(Thread.java:840)
2026-03-23 19:21:54.341 WARNING: [26] [hostname=localhost id=shard] MucClient.lambda$getConnectAndLoginCallable$9#697: Error connecting:
org.jivesoftware.smack.SmackException$EndpointConnectionException: The following addresses failed: 'RFC 6120 A/AAAA Endpoint + [localhost:5222] (localhost/127.0.0.1:5222)' failed because: java.net.ConnectException: Connection refused, 'RFC 6120 A/AAAA Endpoint + [localhost:5222] (localhost/[0:0:0:0:0:0:0:1]:5222)' failed because: java.net.ConnectException: Connection refused
	at org.jivesoftware.smack.SmackException$EndpointConnectionException.from(SmackException.java:334)
	at org.jivesoftware.smack.tcp.XMPPTCPConnection.connectUsingConfiguration(XMPPTCPConnection.java:664)
	at org.jivesoftware.smack.tcp.XMPPTCPConnection.connectInternal(XMPPTCPConnection.java:849)
	at org.jivesoftware.smack.AbstractXMPPConnection.connect(AbstractXMPPConnection.java:525)
	at org.jitsi.xmpp.mucclient.MucClient.lambda$getConnectAndLoginCallable$9(MucClient.java:689)
	at org.jitsi.retry.RetryStrategy$TaskRunner.run(RetryStrategy.java:167)
	at java.base/java.util.concurrent.Executors$RunnableAdapter.call(Executors.java:539)
	at java.base/java.util.concurrent.FutureTask.run(FutureTask.java:264)
	at java.base/java.util.concurrent.ScheduledThreadPoolExecutor$ScheduledFutureTask.run(ScheduledThreadPoolExecutor.java:304)
	at java.base/java.util.concurrent.ThreadPoolExecutor.runWorker(ThreadPoolExecutor.java:1136)
	at java.base/java.util.concurrent.ThreadPoolExecutor$Worker.run(ThreadPoolExecutor.java:635)
	at java.base/java.lang.Thread.run(Thread.java:840)
2026-03-23 19:21:54.343 WARNING: [26] [hostname=localhost id=shard] MucClient.lambda$getConnectAndLoginCallable$9#697: Error connecting:
org.jivesoftware.smack.SmackException$EndpointConnectionException: The following addresses failed: 'RFC 6120 A/AAAA Endpoint + [localhost:5222] (localhost/127.0.0.1:5222)' failed because: java.net.ConnectException: Connection refused, 'RFC 6120 A/AAAA Endpoint + [localhost:5222] (localhost/[0:0:0:0:0:0:0:1]:5222)' failed because: java.net.ConnectException: Connection refused
	at org.jivesoftware.smack.SmackException$EndpointConnectionException.from(SmackException.java:334)
	at org.jivesoftware.smack.tcp.XMPPTCPConnection.connectUsingConfiguration(XMPPTCPConnection.java:664)
	at org.jivesoftware.smack.tcp.XMPPTCPConnection.connectInternal(XMPPTCPConnection.java:849)
	at org.jivesoftware.smack.AbstractXMPPConnection.connect(AbstractXMPPConnection.java:525)
	at org.jitsi.xmpp.mucclient.MucClient.lambda$getConnectAndLoginCallable$9(MucClient.java:689)
	at org.jitsi.retry.RetryStrategy$TaskRunner.run(RetryStrategy.java:167)
	at java.base/java.util.concurrent.Executors$RunnableAdapter.call(Executors.java:539)
	at java.base/java.util.concurrent.FutureTask.run(FutureTask.java:264)
	at java.base/java.util.concurrent.ScheduledThreadPoolExecutor$ScheduledFutureTask.run(ScheduledThreadPoolExecutor.java:304)
	at java.base/java.util.concurrent.ThreadPoolExecutor.runWorker(ThreadPoolExecutor.java:1136)
	at java.base/java.util.concurrent.ThreadPoolExecutor$Worker.run(ThreadPoolExecutor.java:635)
	at java.base/java.lang.Thread.run(Thread.java:840)
2026-03-23 19:21:54.344 WARNING: [26] [hostname=localhost id=shard] MucClient.lambda$getConnectAndLoginCallable$9#697: Error connecting:
org.jivesoftware.smack.SmackException$EndpointConnectionException: The following addresses failed: 'RFC 6120 A/AAAA Endpoint + [localhost:5222] (localhost/127.0.0.1:5222)' failed because: java.net.ConnectException: Connection refused, 'RFC 6120 A/AAAA Endpoint + [localhost:5222] (localhost/[0:0:0:0:0:0:0:1]:5222)' failed because: java.net.ConnectException: Connection refused
	at org.jivesoftware.smack.SmackException$EndpointConnectionException.from(SmackException.java:334)
	at org.jivesoftware.smack.tcp.XMPPTCPConnection.connectUsingConfiguration(XMPPTCPConnection.java:664)
	at org.jivesoftware.smack.tcp.XMPPTCPConnection.connectInternal(XMPPTCPConnection.java:849)
	at org.jivesoftware.smack.AbstractXMPPConnection.connect(AbstractXMPPConnection.java:525)
	at org.jitsi.xmpp.mucclient.MucClient.lambda$getConnectAndLoginCallable$9(MucClient.java:689)
	at org.jitsi.retry.RetryStrategy$TaskRunner.run(RetryStrategy.java:167)
	at java.base/java.util.concurrent.Executors$RunnableAdapter.call(Executors.java:539)
	at java.base/java.util.concurrent.FutureTask.run(FutureTask.java:264)
	at java.base/java.util.concurrent.ScheduledThreadPoolExecutor$ScheduledFutureTask.run(ScheduledThreadPoolExecutor.java:304)
	at java.base/java.util.concurrent.ThreadPoolExecutor.runWorker(ThreadPoolExecutor.java:1136)
	at java.base/java.util.concurrent.ThreadPoolExecutor$Worker.run(ThreadPoolExecutor.java:635)
	at java.base/java.lang.Thread.run(Thread.java:840)
2026-03-23 19:21:54.399 WARNING: [26] [hostname=localhost id=shard] MucClient.lambda$getConnectAndLoginCallable$9#697: Error connecting:
org.jivesoftware.smack.SmackException$EndpointConnectionException: The following addresses failed: 'RFC 6120 A/AAAA Endpoint + [localhost:5222] (localhost/127.0.0.1:5222)' failed because: java.net.ConnectException: Connection refused, 'RFC 6120 A/AAAA Endpoint + [localhost:5222] (localhost/[0:0:0:0:0:0:0:1]:5222)' failed because: java.net.ConnectException: Connection refused
	at org.jivesoftware.smack.SmackException$EndpointConnectionException.from(SmackException.java:334)
	at org.jivesoftware.smack.tcp.XMPPTCPConnection.connectUsingConfiguration(XMPPTCPConnection.java:664)
	at org.jivesoftware.smack.tcp.XMPPTCPConnection.connectInternal(XMPPTCPConnection.java:849)
	at org.jivesoftware.smack.AbstractXMPPConnection.connect(AbstractXMPPConnection.java:525)
	at org.jitsi.xmpp.mucclient.MucClient.lambda$getConnectAndLoginCallable$9(MucClient.java:689)
	at org.jitsi.retry.RetryStrategy$TaskRunner.run(RetryStrategy.java:167)
	at java.base/java.util.concurrent.Executors$RunnableAdapter.call(Executors.java:539)
	at java.base/java.util.concurrent.FutureTask.run(FutureTask.java:264)
	at java.base/java.util.concurrent.ScheduledThreadPoolExecutor$ScheduledFutureTask.run(ScheduledThreadPoolExecutor.java:304)
	at java.base/java.util.concurrent.ThreadPoolExecutor.runWorker(ThreadPoolExecutor.java:1136)
	at java.base/java.util.concurrent.ThreadPoolExecutor$Worker.run(ThreadPoolExecutor.java:635)
	at java.base/java.lang.Thread.run(Thread.java:840)
2026-03-23 19:21:54.923 WARNING: [26] [hostname=localhost id=shard] MucClient.lambda$getConnectAndLoginCallable$9#717: Failed to login. Disconnecting to trigger a re-connect.
org.jivesoftware.smack.sasl.SASLErrorException: SASLError using SCRAM-SHA-1: not-authorized
	at org.jivesoftware.smack.SASLAuthentication.authenticationFailed(SASLAuthentication.java:286)
	at org.jivesoftware.smack.AbstractXMPPConnection.lambda$new$2(AbstractXMPPConnection.java:406)
	at org.jivesoftware.smack.NonzaCallback$ClassAndConsumer.accept(NonzaCallback.java:177)
	at org.jivesoftware.smack.NonzaCallback$ClassAndConsumer.access$200(NonzaCallback.java:166)
	at org.jivesoftware.smack.NonzaCallback.onNonzaReceived(NonzaCallback.java:46)
	at org.jivesoftware.smack.AbstractXMPPConnection.parseAndProcessNonza(AbstractXMPPConnection.java:1439)
	at org.jivesoftware.smack.tcp.XMPPTCPConnection.access$1700(XMPPTCPConnection.java:131)
	at org.jivesoftware.smack.tcp.XMPPTCPConnection$PacketReader.parsePackets(XMPPTCPConnection.java:1010)
	at org.jivesoftware.smack.tcp.XMPPTCPConnection$PacketReader.access$700(XMPPTCPConnection.java:916)
	at org.jivesoftware.smack.tcp.XMPPTCPConnection$PacketReader$1.run(XMPPTCPConnection.java:939)
	at java.base/java.lang.Thread.run(Thread.java:840)
2026-03-23 19:21:55.086 WARNING: [26] [hostname=localhost id=shard] MucClient.lambda$getConnectAndLoginCallable$9#717: Failed to login. Disconnecting to trigger a re-connect.
org.jivesoftware.smack.sasl.SASLErrorException: SASLError using SCRAM-SHA-1: not-authorized
	at org.jivesoftware.smack.SASLAuthentication.authenticationFailed(SASLAuthentication.java:286)
	at org.jivesoftware.smack.AbstractXMPPConnection.lambda$new$2(AbstractXMPPConnection.java:406)
	at org.jivesoftware.smack.NonzaCallback$ClassAndConsumer.accept(NonzaCallback.java:177)
	at org.jivesoftware.smack.NonzaCallback$ClassAndConsumer.access$200(NonzaCallback.java:166)
	at org.jivesoftware.smack.NonzaCallback.onNonzaReceived(NonzaCallback.java:46)
	at org.jivesoftware.smack.AbstractXMPPConnection.parseAndProcessNonza(AbstractXMPPConnection.java:1439)
	at org.jivesoftware.smack.tcp.XMPPTCPConnection.access$1700(XMPPTCPConnection.java:131)
	at org.jivesoftware.smack.tcp.XMPPTCPConnection$PacketReader.parsePackets(XMPPTCPConnection.java:1010)
	at org.jivesoftware.smack.tcp.XMPPTCPConnection$PacketReader.access$700(XMPPTCPConnection.java:916)
	at org.jivesoftware.smack.tcp.XMPPTCPConnection$PacketReader$1.run(XMPPTCPConnection.java:939)
	at java.base/java.lang.Thread.run(Thread.java:840)
2026-03-23 19:21:55.247 WARNING: [26] [hostname=localhost id=shard] MucClient.lambda$getConnectAndLoginCallable$9#717: Failed to login. Disconnecting to trigger a re-connect.
org.jivesoftware.smack.sasl.SASLErrorException: SASLError using SCRAM-SHA-1: not-authorized
	at org.jivesoftware.smack.SASLAuthentication.authenticationFailed(SASLAuthentication.java:286)
	at org.jivesoftware.smack.AbstractXMPPConnection.lambda$new$2(AbstractXMPPConnection.java:406)
	at org.jivesoftware.smack.NonzaCallback$ClassAndConsumer.accept(NonzaCallback.java:177)
	at org.jivesoftware.smack.NonzaCallback$ClassAndConsumer.access$200(NonzaCallback.java:166)
	at org.jivesoftware.smack.NonzaCallback.onNonzaReceived(NonzaCallback.java:46)
	at org.jivesoftware.smack.AbstractXMPPConnection.parseAndProcessNonza(AbstractXMPPConnection.java:1439)
	at org.jivesoftware.smack.tcp.XMPPTCPConnection.access$1700(XMPPTCPConnection.java:131)
	at org.jivesoftware.smack.tcp.XMPPTCPConnection$PacketReader.parsePackets(XMPPTCPConnection.java:1010)
	at org.jivesoftware.smack.tcp.XMPPTCPConnection$PacketReader.access$700(XMPPTCPConnection.java:916)
	at org.jivesoftware.smack.tcp.XMPPTCPConnection$PacketReader$1.run(XMPPTCPConnection.java:939)
	at java.base/java.lang.Thread.run(Thread.java:840)
2026-03-23 19:21:55.407 WARNING: [26] [hostname=localhost id=shard] MucClient.lambda$getConnectAndLoginCallable$9#717: Failed to login. Disconnecting to trigger a re-connect.
org.jivesoftware.smack.sasl.SASLErrorException: SASLError using SCRAM-SHA-1: not-authorized
	at org.jivesoftware.smack.SASLAuthentication.authenticationFailed(SASLAuthentication.java:286)
	at org.jivesoftware.smack.AbstractXMPPConnection.lambda$new$2(AbstractXMPPConnection.java:406)
	at org.jivesoftware.smack.NonzaCallback$ClassAndConsumer.accept(NonzaCallback.java:177)
	at org.jivesoftware.smack.NonzaCallback$ClassAndConsumer.access$200(NonzaCallback.java:166)
	at org.jivesoftware.smack.NonzaCallback.onNonzaReceived(NonzaCallback.java:46)
	at org.jivesoftware.smack.AbstractXMPPConnection.parseAndProcessNonza(AbstractXMPPConnection.java:1439)
	at org.jivesoftware.smack.tcp.XMPPTCPConnection.access$1700(XMPPTCPConnection.java:131)
	at org.jivesoftware.smack.tcp.XMPPTCPConnection$PacketReader.parsePackets(XMPPTCPConnection.java:1010)
	at org.jivesoftware.smack.tcp.XMPPTCPConnection$PacketReader.access$700(XMPPTCPConnection.java:916)
	at org.jivesoftware.smack.tcp.XMPPTCPConnection$PacketReader$1.run(XMPPTCPConnection.java:939)
	at java.base/java.lang.Thread.run(Thread.java:840)
2026-03-23 19:21:55.569 WARNING: [26] [hostname=localhost id=shard] MucClient.lambda$getConnectAndLoginCallable$9#717: Failed to login. Disconnecting to trigger a re-connect.
org.jivesoftware.smack.sasl.SASLErrorException: SASLError using SCRAM-SHA-1: not-authorized
	at org.jivesoftware.smack.SASLAuthentication.authenticationFailed(SASLAuthentication.java:286)
	at org.jivesoftware.smack.AbstractXMPPConnection.lambda$new$2(AbstractXMPPConnection.java:406)
	at org.jivesoftware.smack.NonzaCallback$ClassAndConsumer.accept(NonzaCallback.java:177)
	at org.jivesoftware.smack.NonzaCallback$ClassAndConsumer.access$200(NonzaCallback.java:166)
	at org.jivesoftware.smack.NonzaCallback.onNonzaReceived(NonzaCallback.java:46)
	at org.jivesoftware.smack.AbstractXMPPConnection.parseAndProcessNonza(AbstractXMPPConnection.java:1439)
	at org.jivesoftware.smack.tcp.XMPPTCPConnection.access$1700(XMPPTCPConnection.java:131)
	at org.jivesoftware.smack.tcp.XMPPTCPConnection$PacketReader.parsePackets(XMPPTCPConnection.java:1010)
	at org.jivesoftware.smack.tcp.XMPPTCPConnection$PacketReader.access$700(XMPPTCPConnection.java:916)
	at org.jivesoftware.smack.tcp.XMPPTCPConnection$PacketReader$1.run(XMPPTCPConnection.java:939)
	at java.base/java.lang.Thread.run(Thread.java:840)
2026-03-23 19:21:55.735 WARNING: [26] [hostname=localhost id=shard] MucClient.lambda$getConnectAndLoginCallable$9#717: Failed to login. Disconnecting to trigger a re-connect.
org.jivesoftware.smack.sasl.SASLErrorException: SASLError using SCRAM-SHA-1: not-authorized
	at org.jivesoftware.smack.SASLAuthentication.authenticationFailed(SASLAuthentication.java:286)
	at org.jivesoftware.smack.AbstractXMPPConnection.lambda$new$2(AbstractXMPPConnection.java:406)
	at org.jivesoftware.smack.NonzaCallback$ClassAndConsumer.accept(NonzaCallback.java:177)
	at org.jivesoftware.smack.NonzaCallback$ClassAndConsumer.access$200(NonzaCallback.java:166)
	at org.jivesoftware.smack.NonzaCallback.onNonzaReceived(NonzaCallback.java:46)
	at org.jivesoftware.smack.AbstractXMPPConnection.parseAndProcessNonza(AbstractXMPPConnection.java:1439)
	at org.jivesoftware.smack.tcp.XMPPTCPConnection.access$1700(XMPPTCPConnection.java:131)
	at org.jivesoftware.smack.tcp.XMPPTCPConnection$PacketReader.parsePackets(XMPPTCPConnection.java:1010)
	at org.jivesoftware.smack.tcp.XMPPTCPConnection$PacketReader.access$700(XMPPTCPConnection.java:916)
	at org.jivesoftware.smack.tcp.XMPPTCPConnection$PacketReader$1.run(XMPPTCPConnection.java:939)
	at java.base/java.lang.Thread.run(Thread.java:840)
2026-03-23 19:21:55.907 WARNING: [26] [hostname=localhost id=shard] MucClient.lambda$getConnectAndLoginCallable$9#717: Failed to login. Disconnecting to trigger a re-connect.
org.jivesoftware.smack.sasl.SASLErrorException: SASLError using SCRAM-SHA-1: not-authorized
	at org.jivesoftware.smack.SASLAuthentication.authenticationFailed(SASLAuthentication.java:286)
	at org.jivesoftware.smack.AbstractXMPPConnection.lambda$new$2(AbstractXMPPConnection.java:406)
	at org.jivesoftware.smack.NonzaCallback$ClassAndConsumer.accept(NonzaCallback.java:177)
	at org.jivesoftware.smack.NonzaCallback$ClassAndConsumer.access$200(NonzaCallback.java:166)
	at org.jivesoftware.smack.NonzaCallback.onNonzaReceived(NonzaCallback.java:46)
	at org.jivesoftware.smack.AbstractXMPPConnection.parseAndProcessNonza(AbstractXMPPConnection.java:1439)
	at org.jivesoftware.smack.tcp.XMPPTCPConnection.access$1700(XMPPTCPConnection.java:131)
	at org.jivesoftware.smack.tcp.XMPPTCPConnection$PacketReader.parsePackets(XMPPTCPConnection.java:1010)
	at org.jivesoftware.smack.tcp.XMPPTCPConnection$PacketReader.access$700(XMPPTCPConnection.java:916)
	at org.jivesoftware.smack.tcp.XMPPTCPConnection$PacketReader$1.run(XMPPTCPConnection.java:939)
	at java.base/java.lang.Thread.run(Thread.java:840)
2026-03-23 19:21:56.067 WARNING: [26] [hostname=localhost id=shard] MucClient.lambda$getConnectAndLoginCallable$9#717: Failed to login. Disconnecting to trigger a re-connect.
org.jivesoftware.smack.sasl.SASLErrorException: SASLError using SCRAM-SHA-1: not-authorized
	at org.jivesoftware.smack.SASLAuthentication.authenticationFailed(SASLAuthentication.java:286)
	at org.jivesoftware.smack.AbstractXMPPConnection.lambda$new$2(AbstractXMPPConnection.java:406)
	at org.jivesoftware.smack.NonzaCallback$ClassAndConsumer.accept(NonzaCallback.java:177)
	at org.jivesoftware.smack.NonzaCallback$ClassAndConsumer.access$200(NonzaCallback.java:166)
	at org.jivesoftware.smack.NonzaCallback.onNonzaReceived(NonzaCallback.java:46)
	at org.jivesoftware.smack.AbstractXMPPConnection.parseAndProcessNonza(AbstractXMPPConnection.java:1439)
	at org.jivesoftware.smack.tcp.XMPPTCPConnection.access$1700(XMPPTCPConnection.java:131)
	at org.jivesoftware.smack.tcp.XMPPTCPConnection$PacketReader.parsePackets(XMPPTCPConnection.java:1010)
	at org.jivesoftware.smack.tcp.XMPPTCPConnection$PacketReader.access$700(XMPPTCPConnection.java:916)
	at org.jivesoftware.smack.tcp.XMPPTCPConnection$PacketReader$1.run(XMPPTCPConnection.java:939)
	at java.base/java.lang.Thread.run(Thread.java:840)
2026-03-23 19:21:56.227 WARNING: [26] [hostname=localhost id=shard] MucClient.lambda$getConnectAndLoginCallable$9#717: Failed to login. Disconnecting to trigger a re-connect.
org.jivesoftware.smack.sasl.SASLErrorException: SASLError using SCRAM-SHA-1: not-authorized
	at org.jivesoftware.smack.SASLAuthentication.authenticationFailed(SASLAuthentication.java:286)
	at org.jivesoftware.smack.AbstractXMPPConnection.lambda$new$2(AbstractXMPPConnection.java:406)
	at org.jivesoftware.smack.NonzaCallback$ClassAndConsumer.accept(NonzaCallback.java:177)
	at org.jivesoftware.smack.NonzaCallback$ClassAndConsumer.access$200(NonzaCallback.java:166)
	at org.jivesoftware.smack.NonzaCallback.onNonzaReceived(NonzaCallback.java:46)
	at org.jivesoftware.smack.AbstractXMPPConnection.parseAndProcessNonza(AbstractXMPPConnection.java:1439)
	at org.jivesoftware.smack.tcp.XMPPTCPConnection.access$1700(XMPPTCPConnection.java:131)
	at org.jivesoftware.smack.tcp.XMPPTCPConnection$PacketReader.parsePackets(XMPPTCPConnection.java:1010)
	at org.jivesoftware.smack.tcp.XMPPTCPConnection$PacketReader.access$700(XMPPTCPConnection.java:916)
	at org.jivesoftware.smack.tcp.XMPPTCPConnection$PacketReader$1.run(XMPPTCPConnection.java:939)
	at java.base/java.lang.Thread.run(Thread.java:840)
